[2.264s] DEBUG:colcon:Command line arguments: ['/usr/bin/colcon', 'build']
[2.264s] DEBUG:colcon:Parsed command line arguments: Namespace(log_base=None, log_level=None, verb_name='build', build_base='build', install_base='install', merge_install=False, symlink_install=False, test_result_base=None, continue_on_error=False, executor='parallel', parallel_workers=8, event_handlers=None, ignore_user_meta=False, metas=['./colcon.meta'], base_paths=['.'], packages_ignore=None, packages_ignore_regex=None, paths=None, packages_up_to=None, packages_up_to_regex=None, packages_above=None, packages_above_and_dependencies=None, packages_above_depth=None, packages_select_by_dep=None, packages_skip_by_dep=None, packages_skip_up_to=None, packages_select_build_failed=False, packages_skip_build_finished=False, packages_select_test_failures=False, packages_skip_test_passed=False, packages_select=None, packages_skip=None, packages_select_regex=None, packages_skip_regex=None, packages_start=None, packages_end=None, allow_overriding=[], cmake_args=None, cmake_target=None, cmake_target_skip_unavailable=False, cmake_clean_cache=False, cmake_clean_first=False, cmake_force_configure=False, ament_cmake_args=None, catkin_cmake_args=None, catkin_skip_building_tests=False, verb_parser=<colcon_defaults.argument_parser.defaults.DefaultArgumentsDecorator object at 0x7f73083e78b0>, verb_extension=<colcon_core.verb.build.BuildVerb object at 0x7f73086b1420>, main=<bound method BuildVerb.main of <colcon_core.verb.build.BuildVerb object at 0x7f73086b1420>>)
[2.385s] Level 1:colcon.colcon_core.package_discovery:discover_packages(colcon_meta) check parameters
[2.386s] Level 1:colcon.colcon_core.package_discovery:discover_packages(recursive) check parameters
[2.386s] Level 1:colcon.colcon_core.package_discovery:discover_packages(ignore) check parameters
[2.386s] Level 1:colcon.colcon_core.package_discovery:discover_packages(path) check parameters
[2.386s] Level 1:colcon.colcon_core.package_discovery:discover_packages(colcon_meta) discover
[2.386s] Level 1:colcon.colcon_core.package_discovery:discover_packages(recursive) discover
[2.386s] INFO:colcon.colcon_core.package_discovery:Crawling recursively for packages in '/home/takuto0523/ros2_ws/src/mypkg'
[2.386s] Level 1:colcon.colcon_core.package_identification:_identify(.) by extensions ['ignore', 'ignore_ament_install']
[2.386s] Level 1:colcon.colcon_core.package_identification:_identify(.) by extension 'ignore'
[2.386s] Level 1:colcon.colcon_core.package_identification:_identify(.) by extension 'ignore_ament_install'
[2.386s] Level 1:colcon.colcon_core.package_identification:_identify(.) by extensions ['colcon_pkg']
[2.386s] Level 1:colcon.colcon_core.package_identification:_identify(.) by extension 'colcon_pkg'
[2.386s] Level 1:colcon.colcon_core.package_identification:_identify(.) by extensions ['colcon_meta']
[2.386s] Level 1:colcon.colcon_core.package_identification:_identify(.) by extension 'colcon_meta'
[2.386s] Level 1:colcon.colcon_core.package_identification:_identify(.) by extensions ['ros']
[2.386s] Level 1:colcon.colcon_core.package_identification:_identify(.) by extension 'ros'
[2.418s] DEBUG:colcon.colcon_core.package_identification:Package '.' with type 'ros.ament_python' and name 'mypkg'
[2.418s] Level 1:colcon.colcon_core.package_discovery:discover_packages(recursive) using defaults
[2.418s] Level 1:colcon.colcon_core.package_discovery:discover_packages(ignore) discover
[2.418s] Level 1:colcon.colcon_core.package_discovery:discover_packages(ignore) using defaults
[2.418s] Level 1:colcon.colcon_core.package_discovery:discover_packages(path) discover
[2.418s] Level 1:colcon.colcon_core.package_discovery:discover_packages(path) using defaults
[2.541s] Level 1:colcon.colcon_core.package_discovery:discover_packages(prefix_path) check parameters
[2.541s] Level 1:colcon.colcon_core.package_discovery:discover_packages(prefix_path) discover
[2.579s] DEBUG:colcon.colcon_installed_package_information.package_discovery:Found 1 installed packages in /home/takuto0523/ros2_ws/install
[2.597s] DEBUG:colcon.colcon_installed_package_information.package_discovery:Found 270 installed packages in /opt/ros/humble
[2.598s] Level 1:colcon.colcon_core.package_discovery:discover_packages(prefix_path) using defaults
[2.715s] Level 5:colcon.colcon_core.verb:set package 'mypkg' build argument 'cmake_args' from command line to 'None'
[2.715s] Level 5:colcon.colcon_core.verb:set package 'mypkg' build argument 'cmake_target' from command line to 'None'
[2.715s] Level 5:colcon.colcon_core.verb:set package 'mypkg' build argument 'cmake_target_skip_unavailable' from command line to 'False'
[2.715s] Level 5:colcon.colcon_core.verb:set package 'mypkg' build argument 'cmake_clean_cache' from command line to 'False'
[2.715s] Level 5:colcon.colcon_core.verb:set package 'mypkg' build argument 'cmake_clean_first' from command line to 'False'
[2.715s] Level 5:colcon.colcon_core.verb:set package 'mypkg' build argument 'cmake_force_configure' from command line to 'False'
[2.715s] Level 5:colcon.colcon_core.verb:set package 'mypkg' build argument 'ament_cmake_args' from command line to 'None'
[2.715s] Level 5:colcon.colcon_core.verb:set package 'mypkg' build argument 'catkin_cmake_args' from command line to 'None'
[2.715s] Level 5:colcon.colcon_core.verb:set package 'mypkg' build argument 'catkin_skip_building_tests' from command line to 'False'
[2.716s] DEBUG:colcon.colcon_core.verb:Building package 'mypkg' with the following arguments: {'ament_cmake_args': None, 'build_base': '/home/takuto0523/ros2_ws/src/mypkg/build/mypkg', 'catkin_cmake_args': None, 'catkin_skip_building_tests': False, 'cmake_args': None, 'cmake_clean_cache': False, 'cmake_clean_first': False, 'cmake_force_configure': False, 'cmake_target': None, 'cmake_target_skip_unavailable': False, 'install_base': '/home/takuto0523/ros2_ws/src/mypkg/install/mypkg', 'merge_install': False, 'path': '/home/takuto0523/ros2_ws/src/mypkg', 'symlink_install': False, 'test_result_base': None}
[2.731s] INFO:colcon.colcon_core.executor:Executing jobs using 'parallel' executor
[2.748s] DEBUG:colcon.colcon_parallel_executor.executor.parallel:run_until_complete
[2.748s] INFO:colcon.colcon_ros.task.ament_python.build:Building ROS package in '/home/takuto0523/ros2_ws/src/mypkg' with build type 'ament_python'
[2.749s] Level 1:colcon.colcon_core.shell:create_environment_hook('mypkg', 'ament_prefix_path')
[2.782s] INFO:colcon.colcon_core.plugin_system:Skipping extension 'colcon_core.shell.bat': Not used on non-Windows systems
[2.782s] INFO:colcon.colcon_core.shell:Creating environment hook '/home/takuto0523/ros2_ws/src/mypkg/install/mypkg/share/mypkg/hook/ament_prefix_path.ps1'
[2.784s] INFO:colcon.colcon_core.shell:Creating environment descriptor '/home/takuto0523/ros2_ws/src/mypkg/install/mypkg/share/mypkg/hook/ament_prefix_path.dsv'
[2.785s] INFO:colcon.colcon_core.shell:Creating environment hook '/home/takuto0523/ros2_ws/src/mypkg/install/mypkg/share/mypkg/hook/ament_prefix_path.sh'
[2.810s] INFO:colcon.colcon_core.shell:Skip shell extension 'powershell' for command environment: Not usable outside of PowerShell
[2.810s] DEBUG:colcon.colcon_core.shell:Skip shell extension 'dsv' for command environment
[3.180s] INFO:colcon.colcon_core.task.python.build:Building Python package in '/home/takuto0523/ros2_ws/src/mypkg'
[3.197s] INFO:colcon.colcon_core.shell:Skip shell extension 'powershell' for command environment: Not usable outside of PowerShell
[3.197s] DEBUG:colcon.colcon_core.shell:Skip shell extension 'dsv' for command environment
[3.723s] DEBUG:colcon.colcon_core.event_handler.log_command:Invoking command in '/home/takuto0523/ros2_ws/src/mypkg': PYTHONPATH=/home/takuto0523/ros2_ws/src/mypkg/build/mypkg/prefix_override:/home/takuto0523/ros2_ws/src/mypkg/install/mypkg/lib/python3.10/site-packages:${PYTHONPATH} /usr/bin/python3 setup.py egg_info --egg-base build/mypkg build --build-base /home/takuto0523/ros2_ws/src/mypkg/build/mypkg/build install --record /home/takuto0523/ros2_ws/src/mypkg/build/mypkg/install.log --single-version-externally-managed
[4.079s] DEBUG:colcon.colcon_core.event_handler.log_command:Invoked command in '/home/takuto0523/ros2_ws/src/mypkg' returned '0': PYTHONPATH=/home/takuto0523/ros2_ws/src/mypkg/build/mypkg/prefix_override:/home/takuto0523/ros2_ws/src/mypkg/install/mypkg/lib/python3.10/site-packages:${PYTHONPATH} /usr/bin/python3 setup.py egg_info --egg-base build/mypkg build --build-base /home/takuto0523/ros2_ws/src/mypkg/build/mypkg/build install --record /home/takuto0523/ros2_ws/src/mypkg/build/mypkg/install.log --single-version-externally-managed
[4.108s] Level 1:colcon.colcon_core.environment:checking '/home/takuto0523/ros2_ws/src/mypkg/install/mypkg' for CMake module files
[4.108s] Level 1:colcon.colcon_core.environment:checking '/home/takuto0523/ros2_ws/src/mypkg/install/mypkg' for CMake config files
[4.109s] Level 1:colcon.colcon_core.environment:checking '/home/takuto0523/ros2_ws/src/mypkg/install/mypkg/lib'
[4.109s] Level 1:colcon.colcon_core.environment:checking '/home/takuto0523/ros2_ws/src/mypkg/install/mypkg/bin'
[4.109s] Level 1:colcon.colcon_core.environment:checking '/home/takuto0523/ros2_ws/src/mypkg/install/mypkg/lib/pkgconfig/mypkg.pc'
[4.110s] Level 1:colcon.colcon_core.environment:checking '/home/takuto0523/ros2_ws/src/mypkg/install/mypkg/lib/python3.10/site-packages'
[4.110s] Level 1:colcon.colcon_core.shell:create_environment_hook('mypkg', 'pythonpath')
[4.125s] INFO:colcon.colcon_core.shell:Creating environment hook '/home/takuto0523/ros2_ws/src/mypkg/install/mypkg/share/mypkg/hook/pythonpath.ps1'
[4.126s] INFO:colcon.colcon_core.shell:Creating environment descriptor '/home/takuto0523/ros2_ws/src/mypkg/install/mypkg/share/mypkg/hook/pythonpath.dsv'
[4.126s] INFO:colcon.colcon_core.shell:Creating environment hook '/home/takuto0523/ros2_ws/src/mypkg/install/mypkg/share/mypkg/hook/pythonpath.sh'
[4.127s] Level 1:colcon.colcon_core.environment:checking '/home/takuto0523/ros2_ws/src/mypkg/install/mypkg/bin'
[4.127s] Level 1:colcon.colcon_core.environment:create_environment_scripts_only(mypkg)
[4.142s] INFO:colcon.colcon_core.shell:Creating package script '/home/takuto0523/ros2_ws/src/mypkg/install/mypkg/share/mypkg/package.ps1'
[4.144s] INFO:colcon.colcon_core.shell:Creating package descriptor '/home/takuto0523/ros2_ws/src/mypkg/install/mypkg/share/mypkg/package.dsv'
[4.145s] INFO:colcon.colcon_core.shell:Creating package script '/home/takuto0523/ros2_ws/src/mypkg/install/mypkg/share/mypkg/package.sh'
[4.147s] INFO:colcon.colcon_core.shell:Creating package script '/home/takuto0523/ros2_ws/src/mypkg/install/mypkg/share/mypkg/package.bash'
[4.149s] INFO:colcon.colcon_core.shell:Creating package script '/home/takuto0523/ros2_ws/src/mypkg/install/mypkg/share/mypkg/package.zsh'
[4.151s] Level 1:colcon.colcon_core.environment:create_file_with_runtime_dependencies(/home/takuto0523/ros2_ws/src/mypkg/install/mypkg/share/colcon-core/packages/mypkg)
[4.152s] DEBUG:colcon.colcon_parallel_executor.executor.parallel:closing loop
[4.152s] DEBUG:colcon.colcon_parallel_executor.executor.parallel:loop closed
[4.152s] DEBUG:colcon.colcon_parallel_executor.executor.parallel:run_until_complete finished with '0'
[4.153s] DEBUG:colcon.colcon_core.event_reactor:joining thread
[4.294s] INFO:colcon.colcon_core.plugin_system:Skipping extension 'colcon_notification.desktop_notification.notify_send': Could not find 'notify-send'
[4.294s] INFO:colcon.colcon_core.plugin_system:Skipping extension 'colcon_notification.desktop_notification.terminal_notifier': Not used on non-Darwin systems
[4.294s] INFO:colcon.colcon_core.plugin_system:Skipping extension 'colcon_notification.desktop_notification.win32': Not used on non-Windows systems
[4.294s] INFO:colcon.colcon_notification.desktop_notification:Sending desktop notification using 'notify2'
[4.643s] DEBUG:colcon.colcon_notification.desktop_notification.notify2:Failed to initialize notify2: org.freedesktop.DBus.Error.ServiceUnknown: The name org.freedesktop.Notifications was not provided by any .service files
[4.644s] DEBUG:colcon.colcon_core.event_reactor:joined thread
[4.669s] INFO:colcon.colcon_core.shell:Creating prefix script '/home/takuto0523/ros2_ws/src/mypkg/install/local_setup.ps1'
[4.672s] INFO:colcon.colcon_core.shell:Creating prefix util module '/home/takuto0523/ros2_ws/src/mypkg/install/_local_setup_util_ps1.py'
[4.675s] INFO:colcon.colcon_core.shell:Creating prefix chain script '/home/takuto0523/ros2_ws/src/mypkg/install/setup.ps1'
[4.693s] INFO:colcon.colcon_core.shell:Creating prefix script '/home/takuto0523/ros2_ws/src/mypkg/install/local_setup.sh'
[4.694s] INFO:colcon.colcon_core.shell:Creating prefix util module '/home/takuto0523/ros2_ws/src/mypkg/install/_local_setup_util_sh.py'
[4.695s] INFO:colcon.colcon_core.shell:Creating prefix chain script '/home/takuto0523/ros2_ws/src/mypkg/install/setup.sh'
[4.712s] INFO:colcon.colcon_core.shell:Creating prefix script '/home/takuto0523/ros2_ws/src/mypkg/install/local_setup.bash'
[4.713s] INFO:colcon.colcon_core.shell:Creating prefix chain script '/home/takuto0523/ros2_ws/src/mypkg/install/setup.bash'
[4.731s] INFO:colcon.colcon_core.shell:Creating prefix script '/home/takuto0523/ros2_ws/src/mypkg/install/local_setup.zsh'
[4.732s] INFO:colcon.colcon_core.shell:Creating prefix chain script '/home/takuto0523/ros2_ws/src/mypkg/install/setup.zsh'
