[0.505s] Invoking command in '/home/takuto0523/ros2_ws/src/mypkg': PYTHONPATH=/home/takuto0523/ros2_ws/src/mypkg/build/mypkg/prefix_override:/home/takuto0523/ros2_ws/src/mypkg/install/mypkg/lib/python3.10/site-packages:${PYTHONPATH} /usr/bin/python3 setup.py egg_info --egg-base build/mypkg build --build-base /home/takuto0523/ros2_ws/src/mypkg/build/mypkg/build install --record /home/takuto0523/ros2_ws/src/mypkg/build/mypkg/install.log --single-version-externally-managed
[0.660s] running egg_info
[0.660s] creating build/mypkg/mypkg.egg-info
[0.661s] writing build/mypkg/mypkg.egg-info/PKG-INFO
[0.661s] writing dependency_links to build/mypkg/mypkg.egg-info/dependency_links.txt
[0.661s] writing entry points to build/mypkg/mypkg.egg-info/entry_points.txt
[0.661s] writing requirements to build/mypkg/mypkg.egg-info/requires.txt
[0.661s] writing top-level names to build/mypkg/mypkg.egg-info/top_level.txt
[0.661s] writing manifest file 'build/mypkg/mypkg.egg-info/SOURCES.txt'
[0.662s] reading manifest file 'build/mypkg/mypkg.egg-info/SOURCES.txt'
[0.663s] writing manifest file 'build/mypkg/mypkg.egg-info/SOURCES.txt'
[0.663s] running build
[0.663s] running build_py
[0.663s] creating /home/takuto0523/ros2_ws/src/mypkg/build/mypkg/build
[0.664s] creating /home/takuto0523/ros2_ws/src/mypkg/build/mypkg/build/lib
[0.664s] creating /home/takuto0523/ros2_ws/src/mypkg/build/mypkg/build/lib/mypkg
[0.664s] copying mypkg/talker.py -> /home/takuto0523/ros2_ws/src/mypkg/build/mypkg/build/lib/mypkg
[0.664s] copying mypkg/__init__.py -> /home/takuto0523/ros2_ws/src/mypkg/build/mypkg/build/lib/mypkg
[0.664s] running install
[0.665s] /usr/lib/python3/dist-packages/setuptools/command/install.py:34: SetuptoolsDeprecationWarning: setup.py install is deprecated. Use build and pip and other standards-based tools.
[0.665s]   warnings.warn(
[0.665s] running install_lib
[0.666s] creating /home/takuto0523/ros2_ws/src/mypkg/install/mypkg/lib/python3.10/site-packages/mypkg
[0.666s] copying /home/takuto0523/ros2_ws/src/mypkg/build/mypkg/build/lib/mypkg/talker.py -> /home/takuto0523/ros2_ws/src/mypkg/install/mypkg/lib/python3.10/site-packages/mypkg
[0.666s] copying /home/takuto0523/ros2_ws/src/mypkg/build/mypkg/build/lib/mypkg/__init__.py -> /home/takuto0523/ros2_ws/src/mypkg/install/mypkg/lib/python3.10/site-packages/mypkg
[0.666s] byte-compiling /home/takuto0523/ros2_ws/src/mypkg/install/mypkg/lib/python3.10/site-packages/mypkg/talker.py to talker.cpython-310.pyc
[0.667s] byte-compiling /home/takuto0523/ros2_ws/src/mypkg/install/mypkg/lib/python3.10/site-packages/mypkg/__init__.py to __init__.cpython-310.pyc
[0.667s] running install_data
[0.667s] creating /home/takuto0523/ros2_ws/src/mypkg/install/mypkg/share/ament_index
[0.668s] creating /home/takuto0523/ros2_ws/src/mypkg/install/mypkg/share/ament_index/resource_index
[0.668s] creating /home/takuto0523/ros2_ws/src/mypkg/install/mypkg/share/ament_index/resource_index/packages
[0.668s] copying resource/mypkg -> /home/takuto0523/ros2_ws/src/mypkg/install/mypkg/share/ament_index/resource_index/packages
[0.668s] copying package.xml -> /home/takuto0523/ros2_ws/src/mypkg/install/mypkg/share/mypkg
[0.668s] running install_egg_info
[0.669s] Copying build/mypkg/mypkg.egg-info to /home/takuto0523/ros2_ws/src/mypkg/install/mypkg/lib/python3.10/site-packages/mypkg-0.0.0-py3.10.egg-info
[0.670s] running install_scripts
[0.686s] Installing listener script to /home/takuto0523/ros2_ws/src/mypkg/install/mypkg/lib/mypkg
[0.686s] Installing talker script to /home/takuto0523/ros2_ws/src/mypkg/install/mypkg/lib/mypkg
[0.686s] writing list of installed files to '/home/takuto0523/ros2_ws/src/mypkg/build/mypkg/install.log'
[0.713s] Invoked command in '/home/takuto0523/ros2_ws/src/mypkg' returned '0': PYTHONPATH=/home/takuto0523/ros2_ws/src/mypkg/build/mypkg/prefix_override:/home/takuto0523/ros2_ws/src/mypkg/install/mypkg/lib/python3.10/site-packages:${PYTHONPATH} /usr/bin/python3 setup.py egg_info --egg-base build/mypkg build --build-base /home/takuto0523/ros2_ws/src/mypkg/build/mypkg/build install --record /home/takuto0523/ros2_ws/src/mypkg/build/mypkg/install.log --single-version-externally-managed
