[0.972s] Invoking command in '/home/takuto0523/ros2_ws/src/mypkg': PYTHONPATH=/home/takuto0523/ros2_ws/src/mypkg/build/mypkg/prefix_override:/home/takuto0523/ros2_ws/src/mypkg/install/mypkg/lib/python3.10/site-packages:${PYTHONPATH} /usr/bin/python3 setup.py egg_info --egg-base build/mypkg build --build-base /home/takuto0523/ros2_ws/src/mypkg/build/mypkg/build install --record /home/takuto0523/ros2_ws/src/mypkg/build/mypkg/install.log --single-version-externally-managed
[1.246s] running egg_info
[1.247s] writing build/mypkg/mypkg.egg-info/PKG-INFO
[1.248s] writing dependency_links to build/mypkg/mypkg.egg-info/dependency_links.txt
[1.248s] writing entry points to build/mypkg/mypkg.egg-info/entry_points.txt
[1.249s] writing requirements to build/mypkg/mypkg.egg-info/requires.txt
[1.249s] writing top-level names to build/mypkg/mypkg.egg-info/top_level.txt
[1.252s] reading manifest file 'build/mypkg/mypkg.egg-info/SOURCES.txt'
[1.253s] writing manifest file 'build/mypkg/mypkg.egg-info/SOURCES.txt'
[1.253s] running build
[1.254s] running build_py
[1.254s] copying mypkg/listener.py -> /home/takuto0523/ros2_ws/src/mypkg/build/mypkg/build/lib/mypkg
[1.254s] running install
[1.255s] /usr/lib/python3/dist-packages/setuptools/command/install.py:34: SetuptoolsDeprecationWarning: setup.py install is deprecated. Use build and pip and other standards-based tools.
[1.255s]   warnings.warn(
[1.256s] running install_lib
[1.257s] copying /home/takuto0523/ros2_ws/src/mypkg/build/mypkg/build/lib/mypkg/listener.py -> /home/takuto0523/ros2_ws/src/mypkg/install/mypkg/lib/python3.10/site-packages/mypkg
[1.258s] byte-compiling /home/takuto0523/ros2_ws/src/mypkg/install/mypkg/lib/python3.10/site-packages/mypkg/listener.py to listener.cpython-310.pyc
[1.258s] running install_data
[1.259s] running install_egg_info
[1.261s] removing '/home/takuto0523/ros2_ws/src/mypkg/install/mypkg/lib/python3.10/site-packages/mypkg-0.0.0-py3.10.egg-info' (and everything under it)
[1.262s] Copying build/mypkg/mypkg.egg-info to /home/takuto0523/ros2_ws/src/mypkg/install/mypkg/lib/python3.10/site-packages/mypkg-0.0.0-py3.10.egg-info
[1.264s] running install_scripts
[1.288s] Installing listener script to /home/takuto0523/ros2_ws/src/mypkg/install/mypkg/lib/mypkg
[1.289s] Installing talker script to /home/takuto0523/ros2_ws/src/mypkg/install/mypkg/lib/mypkg
[1.290s] writing list of installed files to '/home/takuto0523/ros2_ws/src/mypkg/build/mypkg/install.log'
[1.328s] Invoked command in '/home/takuto0523/ros2_ws/src/mypkg' returned '0': PYTHONPATH=/home/takuto0523/ros2_ws/src/mypkg/build/mypkg/prefix_override:/home/takuto0523/ros2_ws/src/mypkg/install/mypkg/lib/python3.10/site-packages:${PYTHONPATH} /usr/bin/python3 setup.py egg_info --egg-base build/mypkg build --build-base /home/takuto0523/ros2_ws/src/mypkg/build/mypkg/build install --record /home/takuto0523/ros2_ws/src/mypkg/build/mypkg/install.log --single-version-externally-managed
